Release 14.7 Map P.20131013 (nt)
Xilinx Mapping Report File for Design 'MyTop'

Design Information
------------------
Command Line   : map -intstyle ise -p xc7k160t-ffg676-1 -w -logic_opt off -ol
high -t 1 -xt 0 -register_duplication off -r 4 -mt off -ir off -pr off -lc off
-power off -o MyTop_map.ncd MyTop.ngd MyTop.pcf 
Target Device  : xc7k160t
Target Package : ffg676
Target Speed   : -1
Mapper Version : kintex7 -- $Revision: 1.55 $
Mapped Date    : Mon Jan 18 22:16:54 2021

Design Summary
--------------
Number of errors:      0
Number of warnings:    0
Slice Logic Utilization:
  Number of Slice Registers:                   444 out of 202,800    1%
    Number used as Flip Flops:                 444
    Number used as Latches:                      0
    Number used as Latch-thrus:                  0
    Number used as AND/OR logics:                0
  Number of Slice LUTs:                     22,858 out of 101,400   22%
    Number used as logic:                   22,800 out of 101,400   22%
      Number using O6 output only:          20,000
      Number using O5 output only:              32
      Number using O5 and O6:                2,768
      Number used as ROM:                        0
    Number used as Memory:                      56 out of  35,000    1%
      Number used as Dual Port RAM:              0
      Number used as Single Port RAM:            0
      Number used as Shift Register:            56
        Number using O6 output only:            56
        Number using O5 output only:             0
        Number using O5 and O6:                  0
    Number used exclusively as route-thrus:      2
      Number with same-slice register load:      0
      Number with same-slice carry load:         2
      Number with other load:                    0

Slice Logic Distribution:
  Number of occupied Slices:                 9,172 out of  25,350   36%
  Number of LUT Flip Flop pairs used:       22,917
    Number with an unused Flip Flop:        22,512 out of  22,917   98%
    Number with an unused LUT:                  59 out of  22,917    1%
    Number of fully used LUT-FF pairs:         346 out of  22,917    1%
    Number of unique control sets:              32
    Number of slice register sites lost
      to control set restrictions:             148 out of 202,800    1%

  A LUT Flip Flop pair for this architecture represents one LUT paired with
  one Flip Flop within a slice.  A control set is a unique combination of
  clock, reset, set, and enable signals for a registered element.
  The Slice Logic Distribution report is not meaningful if the design is
  over-mapped for a non-slice resource or if Placement fails.
  OVERMAPPING of BRAM resources should be ignored if the design is
  over-mapped for a non-BRAM resource or if placement fails.

IO Utilization:
  Number of bonded IOBs:                        38 out of     400    9%
    Number of LOCed IOBs:                       38 out of      38  100%

Specific Feature Utilization:
  Number of RAMB36E1/FIFO36E1s:                309 out of     325   95%
    Number using RAMB36E1 only:                309
    Number using FIFO36E1 only:                  0
  Number of RAMB18E1/FIFO18E1s:                  3 out of     650    1%
    Number using RAMB18E1 only:                  3
    Number using FIFO18E1 only:                  0
  Number of BUFG/BUFGCTRLs:                      5 out of      32   15%
    Number used as BUFGs:                        5
    Number used as BUFGCTRLs:                    0
  Number of IDELAYE2/IDELAYE2_FINEDELAYs:        0 out of     400    0%
  Number of ILOGICE2/ILOGICE3/ISERDESE2s:        0 out of     400    0%
  Number of ODELAYE2/ODELAYE2_FINEDELAYs:        0 out of     150    0%
  Number of OLOGICE2/OLOGICE3/OSERDESE2s:        0 out of     400    0%
  Number of PHASER_IN/PHASER_IN_PHYs:            0 out of      32    0%
  Number of PHASER_OUT/PHASER_OUT_PHYs:          0 out of      32    0%
  Number of BSCANs:                              0 out of       4    0%
  Number of BUFHCEs:                             0 out of     120    0%
  Number of BUFRs:                               0 out of      32    0%
  Number of CAPTUREs:                            0 out of       1    0%
  Number of DNA_PORTs:                           0 out of       1    0%
  Number of DSP48E1s:                           15 out of     600    2%
  Number of EFUSE_USRs:                          0 out of       1    0%
  Number of FRAME_ECCs:                          0 out of       1    0%
  Number of GTXE2_CHANNELs:                      0 out of       8    0%
  Number of GTXE2_COMMONs:                       0 out of       2    0%
  Number of IBUFDS_GTE2s:                        0 out of       4    0%
  Number of ICAPs:                               0 out of       2    0%
  Number of IDELAYCTRLs:                         0 out of       8    0%
  Number of IN_FIFOs:                            0 out of      32    0%
  Number of MMCME2_ADVs:                         0 out of       8    0%
  Number of OUT_FIFOs:                           0 out of      32    0%
  Number of PCIE_2_1s:                           0 out of       1    0%
  Number of PHASER_REFs:                         0 out of       8    0%
  Number of PHY_CONTROLs:                        0 out of       8    0%
  Number of PLLE2_ADVs:                          0 out of       8    0%
  Number of STARTUPs:                            0 out of       1    0%
  Number of XADCs:                               0 out of       1    0%

Average Fanout of Non-Clock Nets:                4.96

Peak Memory Usage:  878 MB
Total REAL time to MAP completion:  4 mins 17 secs 
Total CPU time to MAP completion:   4 mins 12 secs 

Table of Contents
-----------------
Section 1 - Errors
Section 2 - Warnings
Section 3 - Informational
Section 4 - Removed Logic Summary
Section 5 - Removed Logic
Section 6 - IOB Properties
Section 7 - RPMs
Section 8 - Guide Report
Section 9 - Area Group and Partition Summary
Section 10 - Timing Report
Section 11 - Configuration String Information
Section 12 - Control Set Information
Section 13 - Utilization by Hierarchy

Section 1 - Errors
------------------

Section 2 - Warnings
--------------------

Section 3 - Informational
-------------------------
INFO:Pack:1716 - Initializing temperature to 85.000 Celsius. (default - Range:
   0.000 to 85.000 Celsius)
INFO:Pack:1720 - Initializing voltage to 0.970 Volts. (default - Range: 0.970 to
   1.030 Volts)
INFO:Map:215 - The Interim Design Summary has been generated in the MAP Report
   (.mrp).
INFO:Pack:1650 - Map created a placed design.

Section 4 - Removed Logic Summary
---------------------------------
   2 block(s) removed
 264 block(s) optimized away
   2 signal(s) removed

Section 5 - Removed Logic
-------------------------

The trimmed logic reported below is either:
   1. part of a cycle
   2. part of disabled logic
   3. a side-effect of other trimmed logic

The signal "m8/display/s2/XLXI_1/D0_0" is unused and has been removed.
 Unused block "m8/display/s2/XLXI_1/XLXI_1" (BUF) removed.
The signal "m8/display/s3/XLXI_1/D0_0" is unused and has been removed.
 Unused block "m8/display/s3/XLXI_1/XLXI_1" (BUF) removed.

Optimized Block(s):
TYPE 		BLOCK
GND 		m5/b0/XST_GND1
VCC 		m5/b0/XST_VCC1
GND 		m5/b1/XST_GND1
VCC 		m5/b1/XST_VCC1
GND 		m5/b2/XST_GND1
VCC 		m5/b2/XST_VCC1
GND 		m5/b3/XST_GND1
VCC 		m5/b3/XST_VCC1
GND 		m5/b4/XST_GND1
VCC 		m5/b4/XST_VCC1
GND 		m5/b5/XST_GND1
VCC 		m5/b5/XST_VCC1
GND 		m5/bg1/XST_GND
VCC 		m5/bg1/XST_VCC
GND 		m5/bg2/XST_GND
VCC 		m5/bg2/XST_VCC
GND 		m5/bg3/XST_GND
VCC 		m5/bg3/XST_VCC
VCC 		m5/p0/XST_VCC1
INV 		m6/XLXI_1/XLXI_49
AND2 		m6/XLXI_3/XLXI_14
AND2 		m6/XLXI_3/XLXI_19
AND2 		m6/XLXI_3/XLXI_24
AND2 		m6/XLXI_3/XLXI_8
GND 		m6/XLXI_6
VCC 		m6/XLXI_8
INV 		m8/display/s0/XLXI_1/XLXI_49
INV 		m8/display/s1/XLXI_1/XLXI_49
OR4 		m8/display/s2/XLXI_1/B_
OR3 		m8/display/s2/XLXI_1/C_
OR3 		m8/display/s2/XLXI_1/G_
AND4 		m8/display/s2/XLXI_1/XLXI_10
AND3 		m8/display/s2/XLXI_1/XLXI_13
AND3 		m8/display/s2/XLXI_1/XLXI_14
AND3 		m8/display/s2/XLXI_1/XLXI_15
AND4 		m8/display/s2/XLXI_1/XLXI_17
AND3 		m8/display/s2/XLXI_1/XLXI_18
AND3 		m8/display/s2/XLXI_1/XLXI_19
INV 		m8/display/s2/XLXI_1/XLXI_2
AND4 		m8/display/s2/XLXI_1/XLXI_23
AND4 		m8/display/s2/XLXI_1/XLXI_24
AND3 		m8/display/s2/XLXI_1/XLXI_27
INV 		m8/display/s2/XLXI_1/XLXI_3
AND3 		m8/display/s2/XLXI_1/XLXI_30
AND3 		m8/display/s2/XLXI_1/XLXI_34
AND3 		m8/display/s2/XLXI_1/XLXI_35
AND4 		m8/display/s2/XLXI_1/XLXI_36
AND3 		m8/display/s2/XLXI_1/XLXI_38
AND4 		m8/display/s2/XLXI_1/XLXI_39
INV 		m8/display/s2/XLXI_1/XLXI_4
AND4 		m8/display/s2/XLXI_1/XLXI_40
OR2 		m8/display/s2/XLXI_1/XLXI_43
OR2 		m8/display/s2/XLXI_1/XLXI_44
OR2 		m8/display/s2/XLXI_1/XLXI_48
INV 		m8/display/s2/XLXI_1/XLXI_49
AND4 		m8/display/s2/XLXI_1/XLXI_6
AND4 		m8/display/s2/XLXI_1/XLXI_7
AND4 		m8/display/s2/XLXI_1/XLXI_8
OR4 		m8/display/s3/XLXI_1/B_
OR3 		m8/display/s3/XLXI_1/C_
OR3 		m8/display/s3/XLXI_1/G_
AND4 		m8/display/s3/XLXI_1/XLXI_10
AND3 		m8/display/s3/XLXI_1/XLXI_13
AND3 		m8/display/s3/XLXI_1/XLXI_14
AND3 		m8/display/s3/XLXI_1/XLXI_15
AND4 		m8/display/s3/XLXI_1/XLXI_17
AND3 		m8/display/s3/XLXI_1/XLXI_18
AND3 		m8/display/s3/XLXI_1/XLXI_19
INV 		m8/display/s3/XLXI_1/XLXI_2
AND4 		m8/display/s3/XLXI_1/XLXI_23
AND4 		m8/display/s3/XLXI_1/XLXI_24
AND3 		m8/display/s3/XLXI_1/XLXI_27
INV 		m8/display/s3/XLXI_1/XLXI_3
AND3 		m8/display/s3/XLXI_1/XLXI_30
AND3 		m8/display/s3/XLXI_1/XLXI_34
AND3 		m8/display/s3/XLXI_1/XLXI_35
AND4 		m8/display/s3/XLXI_1/XLXI_36
AND3 		m8/display/s3/XLXI_1/XLXI_38
AND4 		m8/display/s3/XLXI_1/XLXI_39
INV 		m8/display/s3/XLXI_1/XLXI_4
AND4 		m8/display/s3/XLXI_1/XLXI_40
OR2 		m8/display/s3/XLXI_1/XLXI_43
OR2 		m8/display/s3/XLXI_1/XLXI_44
OR2 		m8/display/s3/XLXI_1/XLXI_48
INV 		m8/display/s3/XLXI_1/XLXI_49
AND4 		m8/display/s3/XLXI_1/XLXI_6
AND4 		m8/display/s3/XLXI_1/XLXI_7
AND4 		m8/display/s3/XLXI_1/XLXI_8
OR4 		m8/display/s4/XLXI_1/A_
OR4 		m8/display/s4/XLXI_1/B_
OR3 		m8/display/s4/XLXI_1/C_
OR4 		m8/display/s4/XLXI_1/D_
OR3 		m8/display/s4/XLXI_1/E_
OR4 		m8/display/s4/XLXI_1/F_
OR3 		m8/display/s4/XLXI_1/G_
INV 		m8/display/s4/XLXI_1/XLXI_1
AND4 		m8/display/s4/XLXI_1/XLXI_10
AND3 		m8/display/s4/XLXI_1/XLXI_13
AND3 		m8/display/s4/XLXI_1/XLXI_14
AND3 		m8/display/s4/XLXI_1/XLXI_15
AND4 		m8/display/s4/XLXI_1/XLXI_17
AND3 		m8/display/s4/XLXI_1/XLXI_18
AND3 		m8/display/s4/XLXI_1/XLXI_19
INV 		m8/display/s4/XLXI_1/XLXI_2
AND4 		m8/display/s4/XLXI_1/XLXI_22
AND4 		m8/display/s4/XLXI_1/XLXI_23
AND4 		m8/display/s4/XLXI_1/XLXI_24
AND3 		m8/display/s4/XLXI_1/XLXI_27
AND2 		m8/display/s4/XLXI_1/XLXI_29
INV 		m8/display/s4/XLXI_1/XLXI_3
AND3 		m8/display/s4/XLXI_1/XLXI_30
AND3 		m8/display/s4/XLXI_1/XLXI_31
AND3 		m8/display/s4/XLXI_1/XLXI_33
AND3 		m8/display/s4/XLXI_1/XLXI_34
AND3 		m8/display/s4/XLXI_1/XLXI_35
AND4 		m8/display/s4/XLXI_1/XLXI_36
AND3 		m8/display/s4/XLXI_1/XLXI_38
AND4 		m8/display/s4/XLXI_1/XLXI_39
INV 		m8/display/s4/XLXI_1/XLXI_4
AND4 		m8/display/s4/XLXI_1/XLXI_40
OR2 		m8/display/s4/XLXI_1/XLXI_42
OR2 		m8/display/s4/XLXI_1/XLXI_43
OR2 		m8/display/s4/XLXI_1/XLXI_44
OR2 		m8/display/s4/XLXI_1/XLXI_45
OR2 		m8/display/s4/XLXI_1/XLXI_46
OR2 		m8/display/s4/XLXI_1/XLXI_47
OR2 		m8/display/s4/XLXI_1/XLXI_48
INV 		m8/display/s4/XLXI_1/XLXI_49
AND4 		m8/display/s4/XLXI_1/XLXI_5
AND4 		m8/display/s4/XLXI_1/XLXI_6
AND4 		m8/display/s4/XLXI_1/XLXI_7
AND4 		m8/display/s4/XLXI_1/XLXI_8
OR4 		m8/display/s5/XLXI_1/A_
OR4 		m8/display/s5/XLXI_1/B_
OR3 		m8/display/s5/XLXI_1/C_
OR4 		m8/display/s5/XLXI_1/D_
OR3 		m8/display/s5/XLXI_1/E_
OR4 		m8/display/s5/XLXI_1/F_
OR3 		m8/display/s5/XLXI_1/G_
INV 		m8/display/s5/XLXI_1/XLXI_1
AND4 		m8/display/s5/XLXI_1/XLXI_10
AND3 		m8/display/s5/XLXI_1/XLXI_13
AND3 		m8/display/s5/XLXI_1/XLXI_14
AND3 		m8/display/s5/XLXI_1/XLXI_15
AND4 		m8/display/s5/XLXI_1/XLXI_17
AND3 		m8/display/s5/XLXI_1/XLXI_18
AND3 		m8/display/s5/XLXI_1/XLXI_19
INV 		m8/display/s5/XLXI_1/XLXI_2
AND4 		m8/display/s5/XLXI_1/XLXI_22
AND4 		m8/display/s5/XLXI_1/XLXI_23
AND4 		m8/display/s5/XLXI_1/XLXI_24
AND3 		m8/display/s5/XLXI_1/XLXI_27
AND2 		m8/display/s5/XLXI_1/XLXI_29
INV 		m8/display/s5/XLXI_1/XLXI_3
AND3 		m8/display/s5/XLXI_1/XLXI_30
AND3 		m8/display/s5/XLXI_1/XLXI_31
AND3 		m8/display/s5/XLXI_1/XLXI_33
AND3 		m8/display/s5/XLXI_1/XLXI_34
AND3 		m8/display/s5/XLXI_1/XLXI_35
AND4 		m8/display/s5/XLXI_1/XLXI_36
AND3 		m8/display/s5/XLXI_1/XLXI_38
AND4 		m8/display/s5/XLXI_1/XLXI_39
INV 		m8/display/s5/XLXI_1/XLXI_4
AND4 		m8/display/s5/XLXI_1/XLXI_40
OR2 		m8/display/s5/XLXI_1/XLXI_42
OR2 		m8/display/s5/XLXI_1/XLXI_43
OR2 		m8/display/s5/XLXI_1/XLXI_44
OR2 		m8/display/s5/XLXI_1/XLXI_45
OR2 		m8/display/s5/XLXI_1/XLXI_46
OR2 		m8/display/s5/XLXI_1/XLXI_47
OR2 		m8/display/s5/XLXI_1/XLXI_48
INV 		m8/display/s5/XLXI_1/XLXI_49
AND4 		m8/display/s5/XLXI_1/XLXI_5
AND4 		m8/display/s5/XLXI_1/XLXI_6
AND4 		m8/display/s5/XLXI_1/XLXI_7
AND4 		m8/display/s5/XLXI_1/XLXI_8
OR4 		m8/display/s6/XLXI_1/A_
OR4 		m8/display/s6/XLXI_1/B_
OR3 		m8/display/s6/XLXI_1/C_
OR4 		m8/display/s6/XLXI_1/D_
OR3 		m8/display/s6/XLXI_1/E_
OR4 		m8/display/s6/XLXI_1/F_
OR3 		m8/display/s6/XLXI_1/G_
INV 		m8/display/s6/XLXI_1/XLXI_1
AND4 		m8/display/s6/XLXI_1/XLXI_10
AND3 		m8/display/s6/XLXI_1/XLXI_13
AND3 		m8/display/s6/XLXI_1/XLXI_14
AND3 		m8/display/s6/XLXI_1/XLXI_15
AND4 		m8/display/s6/XLXI_1/XLXI_17
AND3 		m8/display/s6/XLXI_1/XLXI_18
AND3 		m8/display/s6/XLXI_1/XLXI_19
INV 		m8/display/s6/XLXI_1/XLXI_2
AND4 		m8/display/s6/XLXI_1/XLXI_22
AND4 		m8/display/s6/XLXI_1/XLXI_23
AND4 		m8/display/s6/XLXI_1/XLXI_24
AND3 		m8/display/s6/XLXI_1/XLXI_27
AND2 		m8/display/s6/XLXI_1/XLXI_29
INV 		m8/display/s6/XLXI_1/XLXI_3
AND3 		m8/display/s6/XLXI_1/XLXI_30
AND3 		m8/display/s6/XLXI_1/XLXI_31
AND3 		m8/display/s6/XLXI_1/XLXI_33
AND3 		m8/display/s6/XLXI_1/XLXI_34
AND3 		m8/display/s6/XLXI_1/XLXI_35
AND4 		m8/display/s6/XLXI_1/XLXI_36
AND3 		m8/display/s6/XLXI_1/XLXI_38
AND4 		m8/display/s6/XLXI_1/XLXI_39
INV 		m8/display/s6/XLXI_1/XLXI_4
AND4 		m8/display/s6/XLXI_1/XLXI_40
OR2 		m8/display/s6/XLXI_1/XLXI_42
OR2 		m8/display/s6/XLXI_1/XLXI_43
OR2 		m8/display/s6/XLXI_1/XLXI_44
OR2 		m8/display/s6/XLXI_1/XLXI_45
OR2 		m8/display/s6/XLXI_1/XLXI_46
OR2 		m8/display/s6/XLXI_1/XLXI_47
OR2 		m8/display/s6/XLXI_1/XLXI_48
INV 		m8/display/s6/XLXI_1/XLXI_49
AND4 		m8/display/s6/XLXI_1/XLXI_5
AND4 		m8/display/s6/XLXI_1/XLXI_6
AND4 		m8/display/s6/XLXI_1/XLXI_7
AND4 		m8/display/s6/XLXI_1/XLXI_8
OR4 		m8/display/s7/XLXI_1/A_
OR4 		m8/display/s7/XLXI_1/B_
OR3 		m8/display/s7/XLXI_1/C_
OR4 		m8/display/s7/XLXI_1/D_
OR3 		m8/display/s7/XLXI_1/E_
OR4 		m8/display/s7/XLXI_1/F_
OR3 		m8/display/s7/XLXI_1/G_
INV 		m8/display/s7/XLXI_1/XLXI_1
AND4 		m8/display/s7/XLXI_1/XLXI_10
AND3 		m8/display/s7/XLXI_1/XLXI_13
AND3 		m8/display/s7/XLXI_1/XLXI_14
AND3 		m8/display/s7/XLXI_1/XLXI_15
AND4 		m8/display/s7/XLXI_1/XLXI_17
AND3 		m8/display/s7/XLXI_1/XLXI_18
AND3 		m8/display/s7/XLXI_1/XLXI_19
INV 		m8/display/s7/XLXI_1/XLXI_2
AND4 		m8/display/s7/XLXI_1/XLXI_22
AND4 		m8/display/s7/XLXI_1/XLXI_23
AND4 		m8/display/s7/XLXI_1/XLXI_24
AND3 		m8/display/s7/XLXI_1/XLXI_27
AND2 		m8/display/s7/XLXI_1/XLXI_29
INV 		m8/display/s7/XLXI_1/XLXI_3
AND3 		m8/display/s7/XLXI_1/XLXI_30
AND3 		m8/display/s7/XLXI_1/XLXI_31
AND3 		m8/display/s7/XLXI_1/XLXI_33
AND3 		m8/display/s7/XLXI_1/XLXI_34
AND3 		m8/display/s7/XLXI_1/XLXI_35
AND4 		m8/display/s7/XLXI_1/XLXI_36
AND3 		m8/display/s7/XLXI_1/XLXI_38
AND4 		m8/display/s7/XLXI_1/XLXI_39
INV 		m8/display/s7/XLXI_1/XLXI_4
AND4 		m8/display/s7/XLXI_1/XLXI_40
OR2 		m8/display/s7/XLXI_1/XLXI_42
OR2 		m8/display/s7/XLXI_1/XLXI_43
OR2 		m8/display/s7/XLXI_1/XLXI_44
OR2 		m8/display/s7/XLXI_1/XLXI_45
OR2 		m8/display/s7/XLXI_1/XLXI_46
OR2 		m8/display/s7/XLXI_1/XLXI_47
OR2 		m8/display/s7/XLXI_1/XLXI_48
INV 		m8/display/s7/XLXI_1/XLXI_49
AND4 		m8/display/s7/XLXI_1/XLXI_5
AND4 		m8/display/s7/XLXI_1/XLXI_6
AND4 		m8/display/s7/XLXI_1/XLXI_7
AND4 		m8/display/s7/XLXI_1/XLXI_8

To enable printing of redundant blocks removed and signals merged, set the
detailed map report option and rerun map.

Section 6 - IOB Properties
--------------------------

+---------------------------------------------------------------------------------------------------------------------------------------------------------+
| IOB Name                           | Type             | Direction | IO Standard          | Diff  | Drive    | Slew | Reg (s)      | Resistor | IOB      |
|                                    |                  |           |                      | Term  | Strength | Rate |              |          | Delay    |
+---------------------------------------------------------------------------------------------------------------------------------------------------------+
| AN<0>                              | IOB33            | OUTPUT    | LVCMOS33             |       | 12       | SLOW |              |          |          |
| AN<1>                              | IOB33            | OUTPUT    | LVCMOS33             |       | 12       | SLOW |              |          |          |
| AN<2>                              | IOB33            | OUTPUT    | LVCMOS33             |       | 12       | SLOW |              |          |          |
| AN<3>                              | IOB33            | OUTPUT    | LVCMOS33             |       | 12       | SLOW |              |          |          |
| SEGMENT<0>                         | IOB33            | OUTPUT    | LVCMOS33             |       | 12       | SLOW |              |          |          |
| SEGMENT<1>                         | IOB33            | OUTPUT    | LVCMOS33             |       | 12       | SLOW |              |          |          |
| SEGMENT<2>                         | IOB33            | OUTPUT    | LVCMOS33             |       | 12       | SLOW |              |          |          |
| SEGMENT<3>                         | IOB33            | OUTPUT    | LVCMOS33             |       | 12       | SLOW |              |          |          |
| SEGMENT<4>                         | IOB33            | OUTPUT    | LVCMOS33             |       | 12       | SLOW |              |          |          |
| SEGMENT<5>                         | IOB33            | OUTPUT    | LVCMOS33             |       | 12       | SLOW |              |          |          |
| SEGMENT<6>                         | IOB33            | OUTPUT    | LVCMOS33             |       | 12       | SLOW |              |          |          |
| SEGMENT<7>                         | IOB33            | OUTPUT    | LVCMOS33             |       | 12       | SLOW |              |          |          |
| SEG_CLK                            | IOB33            | OUTPUT    | LVCMOS33             |       | 12       | SLOW |              |          |          |
| SEG_CLR                            | IOB33            | OUTPUT    | LVCMOS33             |       | 12       | SLOW |              |          |          |
| SEG_DT                             | IOB33            | OUTPUT    | LVCMOS33             |       | 12       | SLOW |              |          |          |
| SEG_EN                             | IOB33            | OUTPUT    | LVCMOS33             |       | 12       | SLOW |              |          |          |
| b<0>                               | IOB33            | OUTPUT    | LVCMOS33             |       | 12       | FAST |              |          |          |
| b<1>                               | IOB33            | OUTPUT    | LVCMOS33             |       | 12       | FAST |              |          |          |
| b<2>                               | IOB33            | OUTPUT    | LVCMOS33             |       | 12       | FAST |              |          |          |
| b<3>                               | IOB33            | OUTPUT    | LVCMOS33             |       | 12       | FAST |              |          |          |
| clear_n                            | IOB              | INPUT     | LVCMOS15             |       |          |      |              |          |          |
| clk                                | IOB              | INPUT     | LVCMOS18             |       |          |      |              |          |          |
| g<0>                               | IOB33            | OUTPUT    | LVCMOS33             |       | 12       | FAST |              |          |          |
| g<1>                               | IOB33            | OUTPUT    | LVCMOS33             |       | 12       | FAST |              |          |          |
| g<2>                               | IOB33            | OUTPUT    | LVCMOS33             |       | 12       | FAST |              |          |          |
| g<3>                               | IOB33            | OUTPUT    | LVCMOS33             |       | 12       | FAST |              |          |          |
| hs                                 | IOB33            | OUTPUT    | LVCMOS33             |       | 12       | FAST |              |          |          |
| init_scene<0>                      | IOB              | INPUT     | LVCMOS15             |       |          |      |              |          |          |
| init_scene<1>                      | IOB              | INPUT     | LVCMOS15             |       |          |      |              |          |          |
| key_changed                        | IOB33            | OUTPUT    | LVCMOS33             |       | 12       | SLOW |              |          |          |
| ps2_clk                            | IOB33            | INPUT     | LVCMOS33             |       |          |      |              | PULLUP   |          |
| ps2_data                           | IOB33            | INPUT     | LVCMOS33             |       |          |      |              | PULLUP   |          |
| r<0>                               | IOB33            | OUTPUT    | LVCMOS33             |       | 12       | FAST |              |          |          |
| r<1>                               | IOB33            | OUTPUT    | LVCMOS33             |       | 12       | FAST |              |          |          |
| r<2>                               | IOB33            | OUTPUT    | LVCMOS33             |       | 12       | FAST |              |          |          |
| r<3>                               | IOB33            | OUTPUT    | LVCMOS33             |       | 12       | FAST |              |          |          |
| vga_rstn                           | IOB              | INPUT     | LVCMOS15             |       |          |      |              |          |          |
| vs                                 | IOB33            | OUTPUT    | LVCMOS33             |       | 12       | FAST |              |          |          |
+---------------------------------------------------------------------------------------------------------------------------------------------------------+

Section 7 - RPMs
----------------

Section 8 - Guide Report
------------------------
Guide not run on this design.

Section 9 - Area Group and Partition Summary
--------------------------------------------

Partition Implementation Status
-------------------------------

  No Partitions were found in this design.

-------------------------------

Area Group Information
----------------------

  No area groups were found in this design.

----------------------

Section 10 - Timing Report
--------------------------
A logic-level (pre-route) timing report can be generated by using Xilinx static
timing analysis tools, Timing Analyzer (GUI) or TRCE (command line), with the
mapped NCD and PCF files. Please note that this timing report will be generated
using estimated delay information. For accurate numbers, please generate a
timing report with the post Place and Route NCD file.

For more information about the Timing Analyzer, consult the Xilinx Timing
Analyzer Reference Manual; for more information about TRCE, consult the Xilinx
Command Line Tools User Guide "TRACE" chapter.

Section 11 - Configuration String Details
-----------------------------------------
Use the "-detail" map option to print out Configuration Strings

Section 12 - Control Set Information
------------------------------------
Use the "-detail" map option to print out Control Set Information.

Section 13 - Utilization by Hierarchy
-------------------------------------
Use the "-detail" map option to print out the Utilization by Hierarchy section.
